2025-10-01 01:16:35, EXEC, v:1, k:animal, mode:FULL, rate:0, size:49
2025-10-01 01:18:19, EXEC, v:1, k:animal, mode:FULL, rate:0, size:51
2025-10-01 01:19:36, EXEC, v:1, k:animal, mode:FULL, rate:0, size:51
2025-10-01 01:20:11, EXEC, v:1, k:animal, mode:FULL, rate:0, size:51
2025-10-01 01:20:47, EXEC, v:1, k:animal, mode:FULL, rate:0, size:51
2025-10-01 01:21:12, EXEC, v:1, k:animal, mode:FULL, rate:0, size:51
2025-10-01 01:21:23, EXEC, v:1, k:animal, mode:FULL, rate:0, size:51
2025-10-01 01:21:37, EXEC, v:1, k:animal, mode:FULL, rate:0, size:51
2025-10-01 01:22:06, EXEC, v:1, k:animal, mode:FULL, rate:0, size:51
2025-10-01 01:22:11, EXEC, v:1, k:animal, mode:FULL, rate:0, size:51
2025-10-01 01:22:55, EXEC, v:1, k:animal, mode:FULL, rate:0, size:52
2025-10-01 01:23:20, EXEC, v:1, k:animal, mode:FULL, rate:0, size:52
2025-10-01 01:24:12, EXEC, v:1, k:animal, mode:FULL, rate:0, size:51
2025-10-01 01:30:42, EXEC, v:1, k:animal, mode:FULL, rate:0, size:50
2025-10-01 01:31:12, EXEC, v:1, k:animal, mode:FULL, rate:0, size:50
2025-10-01 01:31:44, EXEC, v:1, k:animal, mode:FULL, rate:0, size:50
2025-10-01 01:31:54, EXEC, v:1, k:animal, mode:FULL, rate:0, size:50
2025-10-01 01:33:15, EXEC, v:1, k:animal, mode:FULL, rate:0, size:52
2025-10-01 01:33:52, EXEC, v:1, k:animal, mode:FULL, rate:0
2025-10-01 01:33:53, EXEC, v:1, k:animal, mode:FULL, rate:0
2025-10-01 01:33:54, EXEC, v:1, k:animal, mode:FULL, rate:0
2025-10-01 01:33:54, EXEC, v:1, k:animal, mode:FULL, rate:0
2025-10-01 01:36:41, EXEC, v:1, k:animal, mode:FULL, rate:0, size:54
2025-10-01 01:37:25, EXEC, v:1, k:animal, mode:FULL, rate:0
2025-10-01 10:14:07, MOVE, v:1, k:animal, mode:PICK
2025-10-01 10:14:08, EXEC, v:1, k:animal, mode:FULL, rate:0
2025-10-01 10:14:20, EXEC, v:1, k:animal, mode:FULL, rate:25, size:54
2025-10-01 10:14:31, EXEC, v:1, k:animal, mode:FULL, rate:0, size:54
2025-10-01 10:14:39, EXEC, v:1, k:animal, mode:FULL, rate:25, size:54
2025-10-01 10:15:32, EXEC, v:1, k:animal, mode:FULL, rate:0, size:54
2025-10-01 10:16:06, EXEC, v:1, k:animal, mode:FULL, rate:25, size:54
2025-10-01 11:09:31, EXEC, v:1, k:animal, mode:FULL, rate:25, size:64
2025-10-01 11:10:05, EXEC, v:1, k:animal, mode:FULL, rate:25, size:64
2025-10-01 11:10:42, EXEC, v:1, k:animal, mode:FULL, rate:50, size:64
2025-10-01 11:18:50, EXEC, v:1, k:animal, mode:FULL, rate:50, size:66
2025-10-01 11:20:28, EXEC, v:1, k:animal, mode:FULL, rate:50, size:69
2025-10-01 11:20:47, EXEC, v:1, k:animal, mode:FULL, rate:50, size:69
2025-10-01 11:21:24, EXEC, v:1, k:animal, mode:FULL, rate:50, size:69
2025-10-01 11:21:57, EXEC, v:1, k:animal, mode:FULL, rate:100, size:69
2025-10-01 12:20:56, SELF, v:1, k:toalha, rate:100, guide:SIM, other:SIM, alone:9, study:360
2025-10-01 12:21:00, MOVE, v:1, k:animal, mode:PICK
2025-10-01 12:21:02, EXEC, v:1, k:animal, mode:FULL, rate:100, size:67
2025-10-01 12:21:04, EXEC, v:1, k:animal, mode:FULL, rate:100
2025-10-01 12:21:45, MOVE, v:1, k:animal, mode:BACK
2025-10-01 12:24:42, SELF, v:1, k:animal, rate:100, human:sim, other:sim, alone:8, study:150
2025-10-01 12:33:29, MOVE, v:1, k:animal, mode:BACK
2025-10-01 12:36:36, EXEC, v:1, k:poo, mode:FREE, size:122
2025-10-01 14:02:33, MOVE, v:1, k:enxugar, mode:DOWN
2025-10-01 14:02:37, MOVE, v:1, k:enxugar, mode:PICK
2025-10-01 14:23:14, EXEC, v:1, k:enxugar, mode:FULL, rate:0, size:34
2025-10-01 14:34:49, EXEC, v:1, k:enxugar, mode:FULL, rate:0, size:43
2025-10-01 14:36:33, EXEC, v:1, k:enxugar, mode:FULL, rate:0, size:46
2025-10-01 14:36:47, EXEC, v:1, k:enxugar, mode:FULL, rate:0, size:46
2025-10-01 14:41:29, EXEC, v:1, k:enxugar, mode:FULL, rate:0, size:55
2025-10-01 14:49:11, EXEC, v:1, k:enxugar, mode:FULL, rate:0, size:55
2025-10-01 14:49:52, EXEC, v:1, k:enxugar, mode:FULL, rate:20, size:55
2025-10-01 14:51:23, EXEC, v:1, k:enxugar, mode:FULL, rate:20, size:57
2025-10-01 14:51:54, EXEC, v:1, k:enxugar, mode:FULL, rate:20, size:57
2025-10-01 14:55:15, EXEC, v:1, k:enxugar, mode:FULL, rate:10, size:59
2025-10-01 14:56:07, EXEC, v:1, k:enxugar, mode:FULL, rate:20, size:59
2025-10-01 15:30:24, EXEC, v:1, k:enxugar, mode:FULL, rate:0, size:59
2025-10-01 15:30:34, EXEC, v:1, k:enxugar, mode:FULL, rate:20, size:58
2025-10-01 15:31:59, EXEC, v:1, k:enxugar, mode:FULL, rate:20
2025-10-01 15:32:24, EXEC, v:1, k:enxugar, mode:FULL, rate:10, size:58
2025-10-01 15:32:41, EXEC, v:1, k:enxugar, mode:FULL, rate:20, size:58
2025-10-01 15:34:13, EXEC, v:1, k:enxugar, mode:FULL, rate:10, size:59
2025-10-01 15:34:53, EXEC, v:1, k:enxugar, mode:FULL, rate:10, size:59
2025-10-01 15:35:09, EXEC, v:1, k:enxugar, mode:FULL, rate:10, size:59
2025-10-01 15:35:58, EXEC, v:1, k:enxugar, mode:FULL, rate:20, size:58
