2025-10-04 12:50:16, MOVE, v:1, k:enxugar, mode:PICK
2025-10-04 12:50:18, EXEC, v:1, k:enxugar, mode:FULL, rate:20, size:59
2025-10-04 12:52:02, EXEC, v:1, k:enxugar, mode:FULL, rate:10, size:59
2025-10-04 12:53:33, EXEC, v:1, k:enxugar, mode:FULL, rate:10, size:59
2025-10-04 12:54:08, EXEC, v:1, k:enxugar, mode:FULL, rate:10, size:60
2025-10-04 12:54:31, EXEC, v:1, k:enxugar, mode:FULL, rate:20, size:60
2025-10-04 12:56:54, EXEC, v:1, k:enxugar, mode:FULL, rate:30, size:60
2025-10-04 12:57:34, EXEC, v:1, k:enxugar, mode:FULL, rate:30, size:59
2025-10-04 12:58:08, EXEC, v:1, k:enxugar, mode:FULL, rate:40, size:59
2025-10-04 12:58:31, EXEC, v:1, k:enxugar, mode:FULL, rate:60, size:60
2025-10-04 13:02:51, EXEC, v:1, k:enxugar, mode:FULL, rate:40, size:60
2025-10-04 13:06:27, MOVE, v:1, k:enxugar, mode:PICK
2025-10-04 13:07:21, MOVE, v:1, k:enxugar, mode:PICK
2025-10-04 13:07:23, EXEC, v:1, k:enxugar, mode:FULL, rate:40, size:62
2025-10-04 13:08:02, EXEC, v:1, k:enxugar, mode:FULL, rate:90, size:62
2025-10-04 13:08:44, EXEC, v:1, k:enxugar, mode:FULL, rate:90, size:61
2025-10-04 13:09:02, EXEC, v:1, k:enxugar, mode:FULL, rate:100, size:60
2025-10-04 13:10:32, MOVE, v:1, k:enxugar, mode:BACK
2025-10-04 13:12:22, SELF, v:1, k:enxugar, rate:100, human:s, iagen:1, alone:9, study:100
2025-10-04 13:14:29, MOVE, v:1, k:carro, mode:DOWN
2025-10-04 13:14:30, MOVE, v:1, k:carro, mode:PICK
2025-10-04 13:14:32, EXEC, v:1, k:carro, mode:FULL, rate:0, size:0
2025-10-04 13:59:39, MOVE, v:1, k:carro, mode:PICK
2025-10-04 13:59:41, EXEC, v:1, k:carro, mode:FULL, rate:0, size:4
2025-10-04 15:31:56, EXEC, v:1, k:carro, mode:FULL, rate:0, size:73
2025-10-04 15:32:19, EXEC, v:1, k:carro, mode:FULL, rate:0, size:74
2025-10-04 15:34:42, EXEC, v:1, k:carro, mode:FULL, rate:0, size:74
2025-10-04 15:37:37, EXEC, v:1, k:carro, mode:FULL, rate:0, size:74
2025-10-04 15:37:48, EXEC, v:1, k:carro, mode:FULL, rate:0, size:74
2025-10-04 15:38:05, EXEC, v:1, k:carro, mode:FULL, rate:0, size:74
2025-10-04 15:38:08, EXEC, v:1, k:carro, mode:FULL, rate:0
2025-10-04 15:38:14, EXEC, v:1, k:carro, mode:FULL, rate:0, size:74
2025-10-04 15:39:03, EXEC, v:1, k:carro, mode:FULL, rate:0, size:74
2025-10-04 15:39:46, EXEC, v:1, k:carro, mode:FULL, rate:0, size:74
2025-10-04 15:40:06, EXEC, v:1, k:carro, mode:FULL, rate:0, size:74
2025-10-04 15:52:38, EXEC, v:1, k:carro, mode:FULL, rate:0, size:74
2025-10-04 15:54:01, EXEC, v:1, k:carro, mode:FULL, rate:0, size:74
2025-10-04 15:55:47, EXEC, v:1, k:carro, mode:FULL, rate:10, size:74
2025-10-04 16:00:44, EXEC, v:1, k:carro, mode:FULL, rate:10
2025-10-04 16:00:45, EXEC, v:1, k:carro, mode:FULL, rate:10
2025-10-04 16:00:45, EXEC, v:1, k:carro, mode:FULL, rate:10
2025-10-04 16:00:45, EXEC, v:1, k:carro, mode:FULL, rate:10
2025-10-04 16:00:46, EXEC, v:1, k:carro, mode:FULL, rate:10
2025-10-04 16:00:46, EXEC, v:1, k:carro, mode:FULL, rate:10
2025-10-04 16:00:46, EXEC, v:1, k:carro, mode:FULL, rate:10
2025-10-04 16:00:46, EXEC, v:1, k:carro, mode:FULL, rate:10
2025-10-04 16:00:46, EXEC, v:1, k:carro, mode:FULL, rate:10
2025-10-04 16:00:46, EXEC, v:1, k:carro, mode:FULL, rate:10
2025-10-04 16:00:47, EXEC, v:1, k:carro, mode:FULL, rate:10
2025-10-04 16:00:47, EXEC, v:1, k:carro, mode:FULL, rate:10
2025-10-04 16:00:47, EXEC, v:1, k:carro, mode:FULL, rate:10
2025-10-04 16:00:48, EXEC, v:1, k:carro, mode:FULL, rate:10
2025-10-04 16:00:48, EXEC, v:1, k:carro, mode:FULL, rate:10
2025-10-04 16:00:48, EXEC, v:1, k:carro, mode:FULL, rate:10
2025-10-04 16:00:48, EXEC, v:1, k:carro, mode:FULL, rate:10
2025-10-04 16:00:48, EXEC, v:1, k:carro, mode:FULL, rate:10
2025-10-04 16:00:48, EXEC, v:1, k:carro, mode:FULL, rate:10
2025-10-04 16:00:48, EXEC, v:1, k:carro, mode:FULL, rate:10
2025-10-04 16:00:49, EXEC, v:1, k:carro, mode:FULL, rate:10
2025-10-04 16:00:49, EXEC, v:1, k:carro, mode:FULL, rate:10
2025-10-04 16:00:49, EXEC, v:1, k:carro, mode:FULL, rate:10
2025-10-04 16:00:49, EXEC, v:1, k:carro, mode:FULL, rate:10
2025-10-04 16:03:58, MOVE, v:1, k:carro, mode:PICK
2025-10-04 16:03:59, EXEC, v:1, k:carro, mode:FULL, rate:10, size:76
2025-10-04 16:04:51, MOVE, v:1, k:carro, mode:PICK
2025-10-04 16:04:52, EXEC, v:1, k:carro, mode:FULL, rate:10, size:74
2025-10-04 16:06:39, EXEC, v:1, k:carro, mode:FULL, rate:0, size:75
2025-10-04 16:07:11, EXEC, v:1, k:carro, mode:FULL, rate:10, size:74
2025-10-04 16:08:27, EXEC, v:1, k:carro, mode:FULL, rate:20, size:74
2025-10-04 16:09:12, EXEC, v:1, k:carro, mode:FULL, rate:40, size:74
2025-10-04 16:10:12, EXEC, v:1, k:carro, mode:FULL, rate:40, size:75
2025-10-04 16:12:01, EXEC, v:1, k:carro, mode:FULL, rate:40, size:75
2025-10-04 16:12:25, EXEC, v:1, k:carro, mode:FULL, rate:50, size:75
2025-10-04 16:13:29, EXEC, v:1, k:carro, mode:FULL, rate:50, size:75
2025-10-04 16:18:31, EXEC, v:1, k:carro, mode:FULL, rate:50, size:75
2025-10-04 16:18:55, EXEC, v:1, k:carro, mode:FULL, rate:50, size:75
2025-10-04 16:19:39, EXEC, v:1, k:carro, mode:FULL, rate:60, size:75
2025-10-04 16:28:16, MOVE, v:1, k:carro, mode:PICK
2025-10-04 16:33:35, MOVE, v:1, k:carro, mode:PICK
2025-10-04 16:33:37, EXEC, v:1, k:carro, mode:FULL, rate:100, size:75
2025-10-04 16:41:03, MOVE, v:1, k:carro, mode:BACK
2025-10-04 16:42:34, SELF, v:1, k:carro, rate:100, iagen:s, other:s, alone:8, study:110
2025-10-04 16:44:26, SELF, v:1, k:toalha, rate:100, human:s, other:s, alone:8, study:230
2025-10-04 16:45:23, SELF, v:1, k:animal, rate:100, human:s, iagen:s, alone:8, study:90
2025-10-04 16:45:29, MOVE, v:1, k:calculadora, mode:DOWN
2025-10-04 16:45:35, MOVE, v:1, k:calculadora, mode:PICK
